2025-09-07 09:57:14,537 - INFO - 配置文件不存在，使用默认配置
2025-09-07 09:57:14,539 - INFO - 配置已保存到 config.json
2025-09-07 09:57:14,539 - INFO - 开始检查Zed更新...
2025-09-07 09:57:14,539 - INFO - 检查更新...
2025-09-07 09:57:16,165 - INFO - 配置已保存到 config.json
2025-09-07 09:57:16,165 - INFO - 已是最新版本
2025-09-07 09:57:16,165 - INFO - 已是最新版本或更新失败
2025-09-07 09:58:44,434 - INFO - 配置已从 config.json 加载
2025-09-07 10:00:54,686 - INFO - 配置已从 config.json 加载
2025-09-07 10:00:54,732 - WARNING - 字体设置失败: 'QFontDatabase' object has no attribute 'hasFamily'
2025-09-07 10:20:18,509 - INFO - 配置已从 config.json 加载
2025-09-07 10:20:18,509 - INFO - 开始检查Zed更新...
2025-09-07 10:20:18,509 - INFO - 检查更新...
2025-09-07 10:20:18,510 - WARNING - Zed.exe不存在: 2
2025-09-07 10:20:19,890 - INFO - 已是最新版本
2025-09-07 10:20:19,890 - INFO - 已是最新版本或更新失败
2025-09-07 10:21:19,053 - INFO - 配置已从 config.json 加载
2025-09-07 10:21:19,076 - WARNING - 字体设置失败: 'QFontDatabase' object has no attribute 'hasFamily'
2025-09-07 10:26:23,949 - INFO - 配置已从 config.json 加载
2025-09-07 10:26:23,981 - INFO - 字体设置完成: Arial
2025-09-07 10:26:24,287 - INFO - 设置间隔检查: 每 24 小时
2025-09-07 10:26:24,288 - INFO - 设置启动时检查
2025-09-07 10:26:24,288 - ERROR - 获取当前版本时出错: [WinError 5] 拒绝访问。
2025-09-07 10:26:24,288 - INFO - 调度器线程已启动
2025-09-07 10:26:24,288 - INFO - 调度器已启动
2025-09-07 10:26:29,288 - INFO - 定时检查更新...
2025-09-07 10:26:29,289 - ERROR - 获取当前版本时出错: [WinError 5] 拒绝访问。
2025-09-07 10:26:29,536 - INFO - 已是最新版本
2025-09-07 10:36:26,016 - INFO - 配置已从 config.json 加载
2025-09-07 10:36:26,040 - INFO - 字体设置完成: Arial
2025-09-07 10:36:26,315 - INFO - 设置间隔检查: 每 24 小时
2025-09-07 10:36:26,315 - INFO - 设置启动时检查
2025-09-07 10:36:26,316 - ERROR - 获取当前版本时出错: [WinError 5] 拒绝访问。
2025-09-07 10:36:26,316 - INFO - 调度器线程已启动
2025-09-07 10:36:26,316 - INFO - 调度器已启动
2025-09-07 10:36:31,316 - INFO - 定时检查更新...
2025-09-07 10:36:31,316 - ERROR - 获取当前版本时出错: [WinError 5] 拒绝访问。
2025-09-07 10:36:31,550 - INFO - 已是最新版本
2025-09-07 10:37:09,537 - INFO - 临时文件清理完成
2025-09-07 10:37:27,846 - ERROR - 获取当前版本时出错: [WinError 5] 拒绝访问。
2025-09-07 10:37:38,359 - INFO - 调度器已停止
2025-09-07 10:45:52,710 - INFO - 配置已从 config.json 加载
2025-09-07 10:45:52,745 - INFO - 字体设置完成: Arial
2025-09-07 10:45:53,014 - INFO - 设置间隔检查: 每 24 小时
2025-09-07 10:45:53,015 - INFO - 设置启动时检查
2025-09-07 10:45:53,015 - ERROR - 获取当前版本时出错: [WinError 5] 拒绝访问。
2025-09-07 10:45:53,015 - INFO - 调度器线程已启动
2025-09-07 10:45:53,016 - INFO - 调度器已启动
2025-09-07 10:45:58,015 - INFO - 定时检查更新...
2025-09-07 10:45:58,016 - ERROR - 获取当前版本时出错: [WinError 5] 拒绝访问。
2025-09-07 10:45:58,184 - INFO - 已是最新版本
2025-09-07 10:47:56,553 - INFO - 配置已从 config.json 加载
2025-09-07 10:47:56,576 - INFO - 字体设置完成: Arial
2025-09-07 10:47:56,825 - INFO - 设置间隔检查: 每 24 小时
2025-09-07 10:47:56,826 - INFO - 设置启动时检查
2025-09-07 10:47:56,826 - INFO - 调度器线程已启动
2025-09-07 10:47:56,826 - INFO - 调度器已启动
2025-09-07 10:48:01,826 - INFO - 定时检查更新...
2025-09-07 10:48:02,070 - INFO - 已是最新版本
2025-09-07 10:54:32,208 - INFO - 配置已从 config.json 加载
2025-09-07 10:54:32,242 - INFO - 字体设置完成: Arial
2025-09-07 10:54:32,523 - INFO - 设置间隔检查: 每 24 小时
2025-09-07 10:54:32,523 - INFO - 设置启动时检查
2025-09-07 10:54:32,524 - INFO - 调度器线程已启动
2025-09-07 10:54:32,524 - INFO - 调度器已启动
2025-09-07 10:54:37,523 - INFO - 定时检查更新...
2025-09-07 10:54:37,709 - INFO - 已是最新版本
2025-09-07 10:56:01,827 - INFO - 配置已从 config.json 加载
2025-09-07 10:56:01,855 - INFO - 字体设置完成: Arial
2025-09-07 10:56:02,120 - INFO - 设置间隔检查: 每 24 小时
2025-09-07 10:56:02,121 - INFO - 设置启动时检查
2025-09-07 10:56:02,121 - INFO - 调度器线程已启动
2025-09-07 10:56:02,121 - INFO - 调度器已启动
2025-09-07 10:56:07,121 - INFO - 定时检查更新...
2025-09-07 10:56:07,363 - INFO - 已是最新版本
2025-09-07 10:59:38,310 - INFO - 配置已从 config.json 加载
2025-09-07 10:59:38,335 - INFO - 字体设置完成: Arial
2025-09-07 10:59:38,638 - INFO - 设置间隔检查: 每 24 小时
2025-09-07 10:59:38,639 - INFO - 设置启动时检查
2025-09-07 10:59:38,640 - INFO - 调度器线程已启动
2025-09-07 10:59:38,640 - INFO - 调度器已启动
2025-09-07 10:59:43,639 - INFO - 定时检查更新...
2025-09-07 10:59:43,828 - INFO - 发现新版本: 20250906 (当前: 0.204.0)
2025-09-07 10:59:43,845 - INFO - 自动安装未启用，仅下载更新文件
2025-09-07 10:59:43,846 - INFO - 开始下载: https://github.com/TC999/zed-loc/releases/download/20250906/zed-windows.zip
2025-09-07 10:59:43,846 - INFO - 下载尝试 1/3: https://github.com/TC999/zed-loc/releases/download/20250906/zed-windows.zip
2025-09-07 10:59:45,879 - INFO - 检查更新...
2025-09-07 10:59:46,042 - INFO - 发现新版本: 20250906
2025-09-07 10:59:46,042 - INFO - 开始下载: https://github.com/TC999/zed-loc/releases/download/20250906/zed-windows.zip
2025-09-07 10:59:46,042 - INFO - 下载尝试 1/3: https://github.com/TC999/zed-loc/releases/download/20250906/zed-windows.zip
2025-09-07 10:59:53,357 - INFO - 下载完成: D:\Vs\Zed_Update\temp_downloads\zed-windows.zip (106423315 bytes)
2025-09-07 10:59:53,358 - INFO - 更新文件已下载到: D:\Vs\Zed_Update\temp_downloads\zed-windows.zip
2025-09-07 10:59:54,335 - INFO - 下载完成: D:\Vs\Zed_Update\temp_downloads\zed-windows.zip (106423315 bytes)
2025-09-07 10:59:54,629 - INFO - 备份创建成功: D:\zed_backups\Zed_v0.204.0_20250907_105954.exe
2025-09-07 10:59:57,901 - INFO - 配置已保存到 config.json
2025-09-07 10:59:57,902 - INFO - 配置已保存到 config.json
2025-09-07 10:59:57,902 - INFO - 更新安装成功: D:\Zed.exe
2025-09-07 10:59:57,902 - INFO - 更新完成
2025-09-07 11:00:03,035 - INFO - Zed已启动
